Command: /users/epnimo/Final_Project/./simv +APB2AXI_SEQ=WRITE_ERROR -l logs/simv.log
Chronologic VCS simulator copyright 1991-2022
Contains Synopsys proprietary information.
Compiler version T-2022.06-SP2_Full64; Runtime version T-2022.06-SP2_Full64;  Jan 11 17:30 2026
UVM_INFO /eda/synopsys/2022-23/RHELx86/VCS_2022.06-SP2/etc/uvm-1.2/base/uvm_root.svh(402) @ 0: reporter [UVM/RELNOTES] 
----------------------------------------------------------------
UVM-1.2.Synopsys
(C) 2007-2014 Mentor Graphics Corporation
(C) 2007-2014 Cadence Design Systems, Inc.
(C) 2006-2014 Synopsys, Inc.
(C) 2011-2013 Cypress Semiconductor Corp.
(C) 2013-2014 NVIDIA Corporation
----------------------------------------------------------------

  ***********       IMPORTANT RELEASE NOTES         ************

  You are using a version of the UVM library that has been compiled
  with `UVM_NO_DEPRECATED undefined.
  See http://www.eda.org/svdb/view.php?id=3313 for more details.

  You are using a version of the UVM library that has been compiled
  with `UVM_OBJECT_DO_NOT_NEED_CONSTRUCTOR undefined.
  See http://www.eda.org/svdb/view.php?id=3770 for more details.

      (Specify +UVM_NO_RELNOTES to turn off this notice)

Information: *** Instance tb_top.dut.u_cq_fifo.u_fifo is the _DW_fifo_2c_df_sync_ID Clock Domain Crossing Module ***
Information: *** Instance tb_top.dut.u_rdf_fifo.u_fifo is the _DW_fifo_2c_df_sync_ID Clock Domain Crossing Module ***
### FSDB DUMP BLOCK HIT at time 0
*Verdi* Loading libsscore_vcs202206.so
FSDB Dumper for VCS, Release Verdi_T-2022.06-SP2, Linux x86_64/64bit, 11/22/2022
(C) 1996 - 2022 by Synopsys, Inc.
*Verdi* FSDB WARNING: The FSDB file already exists. Overwriting the FSDB file may crash the programs that are using this file.
*Verdi* : Create FSDB file 'waves.fsdb'
*Verdi* : Begin traversing the scope (tb_top), layer (0).
*Verdi* : Enable +all dumping.
*Verdi* : End of traversing.
*Verdi* : Begin traversing the MDAs, layer (0).
*Verdi* : Enable +mda and +packedmda dumping.
*Verdi* : End of traversing the MDAs.
UVM_INFO @ 0: reporter [RNTST] Running test apb2axi_test...
UVM_INFO /eda/synopsys/2022-23/RHELx86/VCS_2022.06-SP2/etc/uvm-1.2/base/uvm_root.svh(589) @ 0: reporter [UVMTOP] UVM testbench topology:
---------------------------------------
Name          Type          Size  Value
---------------------------------------
uvm_test_top  apb2axi_test  -     @348 
  env         apb2axi_env   -     @361 
---------------------------------------

UVM_INFO tb/tests/apb2axi_test.sv(30) @ 0: uvm_test_top [APB2AXI_TEST] Starting test, seq_sel=WRITE_ERROR
UVM_INFO tb/tests/apb2axi_test.sv(57) @ 0: uvm_test_top [APB2AXI_TEST] Running [WRITE ERROR] sequence
UVM_INFO tb/seq/apb2axi_write_error_seq.sv(79) @ 0: uvm_test_top.env.apb_ag.apb_seqr@@wr_err_seq [wr_err_seq] Starting apb2axi_write_error_seq
UVM_INFO tb/seq/apb2axi_write_error_seq.sv(38) @ 755000: uvm_test_top.env.apb_ag.apb_seqr@@wr_err_seq [wr_err_seq] WRITE ERROR mismatch: got(err=0 resp=0) exp(err=0 resp=0)
UVM_INFO tb/seq/apb2axi_write_error_seq.sv(38) @ 945000: uvm_test_top.env.apb_ag.apb_seqr@@wr_err_seq [wr_err_seq] WRITE ERROR mismatch: got(err=0 resp=1) exp(err=11 resp=0)
UVM_INFO tb/seq/apb2axi_write_error_seq.sv(112) @ 945000: uvm_test_top.env.apb_ag.apb_seqr@@wr_err_seq [wr_err_seq] apb2axi_write_error_seq PASSED
UVM_INFO tb/tests/apb2axi_test.sv(63) @ 945000: uvm_test_top [APB2AXI_TEST] WRITE_ERROR sequence finished
UVM_INFO /eda/synopsys/2022-23/RHELx86/VCS_2022.06-SP2/etc/uvm-1.2/base/uvm_objection.svh(1276) @ 945000: reporter [TEST_DONE] 'run' phase is ready to proceed to the 'extract' phase
UVM_INFO tb/bfm/axi3_slave_bfm.sv(477) @ 945000: uvm_test_top.env.axi_bfm [AXI3_BFM] Full AXI memory dumped to axi_memory_dump.hex
UVM_INFO /eda/synopsys/2022-23/RHELx86/VCS_2022.06-SP2/etc/uvm-1.2/base/uvm_report_catcher.svh(705) @ 945000: reporter [UVM/REPORT/CATCHER] 
--- UVM Report catcher Summary ---


Number of demoted UVM_FATAL reports  :    0
Number of demoted UVM_ERROR reports  :    0
Number of demoted UVM_WARNING reports:    0
Number of caught UVM_FATAL reports   :    0
Number of caught UVM_ERROR reports   :    0
Number of caught UVM_WARNING reports :    0

UVM_INFO /eda/synopsys/2022-23/RHELx86/VCS_2022.06-SP2/etc/uvm-1.2/base/uvm_report_server.svh(904) @ 945000: reporter [UVM/REPORT/SERVER] 
--- UVM Report Summary ---

** Report counts by severity
UVM_INFO :   13
UVM_WARNING :    0
UVM_ERROR :    0
UVM_FATAL :    0
** Report counts by id
[APB2AXI_TEST]     3
[AXI3_BFM]     1
[RNTST]     1
[TEST_DONE]     1
[UVM/RELNOTES]     1
[UVM/REPORT/CATCHER]     1
[UVMTOP]     1
[wr_err_seq]     4

$finish called from file "/eda/synopsys/2022-23/RHELx86/VCS_2022.06-SP2/etc/uvm-1.2/base/uvm_root.svh", line 527.
$finish at simulation time               945000
           V C S   S i m u l a t i o n   R e p o r t 
Time: 945000 ps
CPU Time:      0.480 seconds;       Data structure size:   0.8Mb
Sun Jan 11 17:30:17 2026
